<?xml version="1.0" encoding="UTF-8"?>
<!-- Generated by org.testng.reporters.JUnitReportReporter -->
<testsuite hostname="DESKTOP-S5MMF0I" failures="0" tests="1" name="com.kotak.TestCases.KotakHomePageTest" time="10.158" errors="0" timestamp="2023-01-26T18:11:40 IST" skipped="0">
  <testcase classname="com.kotak.TestCases.KotakHomePageTest" name="TC01_ExplorePoduct" time="10.158"/>
  <system-out/>
</testsuite> <!-- com.kotak.TestCases.KotakHomePageTest -->
