<?xml version="1.0" encoding="UTF-8"?>
<!-- Generated by org.testng.reporters.JUnitReportReporter -->
<testsuite hostname="DESKTOP-S5MMF0I" failures="0" tests="1" name="com.kotak.utilities.TestData" time="2.145" errors="0" timestamp="2023-01-26T17:15:10 IST" skipped="0">
  <testcase classname="com.kotak.utilities.TestData" name="loginData" time="2.145"/>
  <system-out/>
</testsuite> <!-- com.kotak.utilities.TestData -->
